{"uid":"1a4fd63d33ad8058","name":"Validate Logout Button Functionality","fullName":"Login functionality for GuviZenClass portal: Validate Logout Button Functionality","historyId":"f4d972a4e6a20ceddb5c749f712858e8","time":{"start":1753451752192,"stop":1753451778648,"duration":26456},"status":"broken","statusMessage":"selenium.common.exceptions.TimeoutException: Message: \nStacktrace:\n\tGetHandleVerifier [0x0x7ff6321de935+77845]\n\tGetHandleVerifier [0x0x7ff6321de990+77936]\n\t(No symbol) [0x0x7ff631f99cda]\n\t(No symbol) [0x0x7ff631ff06aa]\n\t(No symbol) [0x0x7ff631ff095c]\n\t(No symbol) [0x0x7ff632043d07]\n\t(No symbol) [0x0x7ff63201890f]\n\t(No symbol) [0x0x7ff632040b07]\n\t(No symbol) [0x0x7ff6320186a3]\n\t(No symbol) [0x0x7ff631fe1791]\n\t(No symbol) [0x0x7ff631fe2523]\n\tGetHandleVerifier [0x0x7ff6324b684d+3059501]\n\tGetHandleVerifier [0x0x7ff6324b0c0d+3035885]\n\tGetHandleVerifier [0x0x7ff6324d0400+3164896]\n\tGetHandleVerifier [0x0x7ff6321f8c3e+185118]\n\tGetHandleVerifier [0x0x7ff63220054f+216111]\n\tGetHandleVerifier [0x0x7ff6321e72e4+113092]\n\tGetHandleVerifier [0x0x7ff6321e7499+113529]\n\tGetHandleVerifier [0x0x7ff6321ce298+10616]\n\tBaseThreadInitThunk [0x0x7ff976d1e8d7+23]\n\tRtlUserThreadStart [0x0x7ff977f3c34c+44]\n\n","statusTrace":"  File \"C:\\Users\\surek\\AppData\\Local\\Programs\\Python\\Python313\\Lib\\site-packages\\behave\\model.py\", line 1329, in run\n    match.run(runner.context)\n    ~~~~~~~~~^^^^^^^^^^^^^^^^\n  File \"C:\\Users\\surek\\AppData\\Local\\Programs\\Python\\Python313\\Lib\\site-packages\\behave\\matchers.py\", line 98, in run\n    self.func(context, *args, **kwargs)\n    ~~~~~~~~~^^^^^^^^^^^^^^^^^^^^^^^^^^\n  File \"features\\steps\\login_steps.py\", line 91, in step_click_logout\n    raise e\n  File \"features\\steps\\login_steps.py\", line 85, in step_click_logout\n    logout_btn = WebDriverWait(context.driver, 10).until(\n        EC.element_to_be_clickable((By.XPATH, \"//button[contains(text(),'Logout')]\"))\n    )\n  File \"C:\\Users\\surek\\AppData\\Local\\Programs\\Python\\Python313\\Lib\\site-packages\\selenium\\webdriver\\support\\wait.py\", line 146, in until\n    raise TimeoutException(message, screen, stacktrace)\n","flaky":false,"newFailed":false,"newBroken":false,"newPassed":false,"retriesCount":0,"retriesStatusChange":false,"beforeStages":[],"testStage":{"status":"broken","statusMessage":"selenium.common.exceptions.TimeoutException: Message: \nStacktrace:\n\tGetHandleVerifier [0x0x7ff6321de935+77845]\n\tGetHandleVerifier [0x0x7ff6321de990+77936]\n\t(No symbol) [0x0x7ff631f99cda]\n\t(No symbol) [0x0x7ff631ff06aa]\n\t(No symbol) [0x0x7ff631ff095c]\n\t(No symbol) [0x0x7ff632043d07]\n\t(No symbol) [0x0x7ff63201890f]\n\t(No symbol) [0x0x7ff632040b07]\n\t(No symbol) [0x0x7ff6320186a3]\n\t(No symbol) [0x0x7ff631fe1791]\n\t(No symbol) [0x0x7ff631fe2523]\n\tGetHandleVerifier [0x0x7ff6324b684d+3059501]\n\tGetHandleVerifier [0x0x7ff6324b0c0d+3035885]\n\tGetHandleVerifier [0x0x7ff6324d0400+3164896]\n\tGetHandleVerifier [0x0x7ff6321f8c3e+185118]\n\tGetHandleVerifier [0x0x7ff63220054f+216111]\n\tGetHandleVerifier [0x0x7ff6321e72e4+113092]\n\tGetHandleVerifier [0x0x7ff6321e7499+113529]\n\tGetHandleVerifier [0x0x7ff6321ce298+10616]\n\tBaseThreadInitThunk [0x0x7ff976d1e8d7+23]\n\tRtlUserThreadStart [0x0x7ff977f3c34c+44]\n\n","statusTrace":"  File \"C:\\Users\\surek\\AppData\\Local\\Programs\\Python\\Python313\\Lib\\site-packages\\behave\\model.py\", line 1329, in run\n    match.run(runner.context)\n    ~~~~~~~~~^^^^^^^^^^^^^^^^\n  File \"C:\\Users\\surek\\AppData\\Local\\Programs\\Python\\Python313\\Lib\\site-packages\\behave\\matchers.py\", line 98, in run\n    self.func(context, *args, **kwargs)\n    ~~~~~~~~~^^^^^^^^^^^^^^^^^^^^^^^^^^\n  File \"features\\steps\\login_steps.py\", line 91, in step_click_logout\n    raise e\n  File \"features\\steps\\login_steps.py\", line 85, in step_click_logout\n    logout_btn = WebDriverWait(context.driver, 10).until(\n        EC.element_to_be_clickable((By.XPATH, \"//button[contains(text(),'Logout')]\"))\n    )\n  File \"C:\\Users\\surek\\AppData\\Local\\Programs\\Python\\Python313\\Lib\\site-packages\\selenium\\webdriver\\support\\wait.py\", line 146, in until\n    raise TimeoutException(message, screen, stacktrace)\n","steps":[{"name":"Given I am logged in with valid credentials","time":{"start":1753451755635,"stop":1753451766346,"duration":10711},"status":"passed","steps":[],"attachments":[],"parameters":[],"hasContent":false,"attachmentsCount":0,"attachmentStep":false,"shouldDisplayMessage":false,"stepsCount":0},{"name":"When I click the logout button","time":{"start":1753451766347,"stop":1753451776361,"duration":10014},"status":"broken","statusMessage":"selenium.common.exceptions.TimeoutException: Message: \nStacktrace:\n\tGetHandleVerifier [0x0x7ff6321de935+77845]\n\tGetHandleVerifier [0x0x7ff6321de990+77936]\n\t(No symbol) [0x0x7ff631f99cda]\n\t(No symbol) [0x0x7ff631ff06aa]\n\t(No symbol) [0x0x7ff631ff095c]\n\t(No symbol) [0x0x7ff632043d07]\n\t(No symbol) [0x0x7ff63201890f]\n\t(No symbol) [0x0x7ff632040b07]\n\t(No symbol) [0x0x7ff6320186a3]\n\t(No symbol) [0x0x7ff631fe1791]\n\t(No symbol) [0x0x7ff631fe2523]\n\tGetHandleVerifier [0x0x7ff6324b684d+3059501]\n\tGetHandleVerifier [0x0x7ff6324b0c0d+3035885]\n\tGetHandleVerifier [0x0x7ff6324d0400+3164896]\n\tGetHandleVerifier [0x0x7ff6321f8c3e+185118]\n\tGetHandleVerifier [0x0x7ff63220054f+216111]\n\tGetHandleVerifier [0x0x7ff6321e72e4+113092]\n\tGetHandleVerifier [0x0x7ff6321e7499+113529]\n\tGetHandleVerifier [0x0x7ff6321ce298+10616]\n\tBaseThreadInitThunk [0x0x7ff976d1e8d7+23]\n\tRtlUserThreadStart [0x0x7ff977f3c34c+44]\n\n","statusTrace":"  File \"C:\\Users\\surek\\AppData\\Local\\Programs\\Python\\Python313\\Lib\\site-packages\\behave\\model.py\", line 1329, in run\n    match.run(runner.context)\n    ~~~~~~~~~^^^^^^^^^^^^^^^^\n  File \"C:\\Users\\surek\\AppData\\Local\\Programs\\Python\\Python313\\Lib\\site-packages\\behave\\matchers.py\", line 98, in run\n    self.func(context, *args, **kwargs)\n    ~~~~~~~~~^^^^^^^^^^^^^^^^^^^^^^^^^^\n  File \"features\\steps\\login_steps.py\", line 91, in step_click_logout\n    raise e\n  File \"features\\steps\\login_steps.py\", line 85, in step_click_logout\n    logout_btn = WebDriverWait(context.driver, 10).until(\n        EC.element_to_be_clickable((By.XPATH, \"//button[contains(text(),'Logout')]\"))\n    )\n  File \"C:\\Users\\surek\\AppData\\Local\\Programs\\Python\\Python313\\Lib\\site-packages\\selenium\\webdriver\\support\\wait.py\", line 146, in until\n    raise TimeoutException(message, screen, stacktrace)\n","steps":[],"attachments":[],"parameters":[],"hasContent":true,"attachmentsCount":0,"attachmentStep":false,"shouldDisplayMessage":true,"stepsCount":0},{"name":"Then I should be redirected to the login page","time":{"start":1753451778648,"stop":1753451778648,"duration":0},"status":"skipped","steps":[],"attachments":[],"parameters":[],"hasContent":false,"attachmentsCount":0,"attachmentStep":false,"shouldDisplayMessage":false,"stepsCount":0}],"attachments":[],"parameters":[],"hasContent":true,"attachmentsCount":0,"attachmentStep":false,"shouldDisplayMessage":false,"stepsCount":3},"afterStages":[],"labels":[{"name":"severity","value":"normal"},{"name":"feature","value":"Login functionality for GuviZenClass portal"},{"name":"framework","value":"behave"},{"name":"language","value":"cpython3"},{"name":"resultFormat","value":"allure2"}],"parameters":[],"links":[],"hidden":true,"retry":true,"extra":{"categories":[],"tags":[]},"source":"1a4fd63d33ad8058.json","parameterValues":[]}