{"uid":"2097c6fd6d864395","name":"Unsuccessful Login","fullName":"Login functionality for GuviZenClass portal: Unsuccessful Login","historyId":"07c7955c108e91d7b183d93221352f2c","time":{"start":1753527579176,"stop":1753527591074,"duration":11898},"status":"passed","flaky":false,"newFailed":false,"newBroken":false,"newPassed":false,"retriesCount":22,"retriesStatusChange":true,"beforeStages":[],"testStage":{"status":"passed","steps":[{"name":"Given I open the login page","time":{"start":1753527582627,"stop":1753527584891,"duration":2264},"status":"passed","steps":[],"attachments":[],"parameters":[],"hasContent":false,"attachmentsCount":0,"attachmentStep":false,"shouldDisplayMessage":false,"stepsCount":0},{"name":"When I enter invalid credentials","time":{"start":1753527584891,"stop":1753527585631,"duration":740},"status":"passed","steps":[],"attachments":[],"parameters":[],"hasContent":false,"attachmentsCount":0,"attachmentStep":false,"shouldDisplayMessage":false,"stepsCount":0},{"name":"And I click the login button","time":{"start":1753527585631,"stop":1753527588771,"duration":3140},"status":"passed","steps":[],"attachments":[],"parameters":[],"hasContent":false,"attachmentsCount":0,"attachmentStep":false,"shouldDisplayMessage":false,"stepsCount":0},{"name":"Then I should see an error message","time":{"start":1753527588771,"stop":1753527588829,"duration":58},"status":"passed","steps":[],"attachments":[],"parameters":[],"hasContent":false,"attachmentsCount":0,"attachmentStep":false,"shouldDisplayMessage":false,"stepsCount":0}],"attachments":[],"parameters":[],"hasContent":true,"attachmentsCount":0,"attachmentStep":false,"shouldDisplayMessage":false,"stepsCount":4},"afterStages":[],"labels":[{"name":"severity","value":"normal"},{"name":"feature","value":"Login functionality for GuviZenClass portal"},{"name":"framework","value":"behave"},{"name":"language","value":"cpython3"},{"name":"resultFormat","value":"allure2"}],"parameters":[],"links":[],"hidden":false,"retry":false,"extra":{"severity":"normal","retries":[{"uid":"21e9b0298fa63c4b","status":"passed","time":{"start":1753527362492,"stop":1753527375444,"duration":12952}},{"uid":"8b0b505c94856499","status":"broken","statusDetails":"selenium.common.exceptions.NoSuchWindowException: Message: no such window: target window already closed\nfrom unknown error: web view not found\n  (Session info: chrome=138.0.7204.169)\nStacktrace:\n\tGetHandleVerifier [0x0x7ff66a13e935+77845]\n\tGetHandleVerifier [0x0x7ff66a13e990+77936]\n\t(No symbol) [0x0x7ff669ef9cda]\n\t(No symbol) [0x0x7ff669ed21a1]\n\t(No symbol) [0x0x7ff669f7fc6e]\n\t(No symbol) [0x0x7ff669fa0432]\n\t(No symbol) [0x0x7ff669f786a3]\n\t(No symbol) [0x0x7ff669f41791]\n\t(No symbol) [0x0x7ff669f42523]\n\tGetHandleVerifier [0x0x7ff66a41684d+3059501]\n\tGetHandleVerifier [0x0x7ff66a410c0d+3035885]\n\tGetHandleVerifier [0x0x7ff66a430400+3164896]\n\tGetHandleVerifier [0x0x7ff66a158c3e+185118]\n\tGetHandleVerifier [0x0x7ff66a16054f+216111]\n\tGetHandleVerifier [0x0x7ff66a1472e4+113092]\n\tGetHandleVerifier [0x0x7ff66a147499+113529]\n\tGetHandleVerifier [0x0x7ff66a12e298+10616]\n\tBaseThreadInitThunk [0x0x7ff976d1e8d7+23]\n\tRtlUserThreadStart [0x0x7ff977f3c34c+44]\n\n","time":{"start":1753527199725,"stop":1753527205569,"duration":5844}},{"uid":"387135b5efd680a","status":"passed","time":{"start":1753527071254,"stop":1753527084584,"duration":13330}},{"uid":"b41aab6db131b2b4","status":"passed","time":{"start":1753526982880,"stop":1753526998807,"duration":15927}},{"uid":"43078963d644721e","status":"passed","time":{"start":1753526629771,"stop":1753526641812,"duration":12041}},{"uid":"38659e23eb9bfea3","status":"passed","time":{"start":1753526551781,"stop":1753526570489,"duration":18708}},{"uid":"45488a10b4000ff9","status":"passed","time":{"start":1753526432327,"stop":1753526444901,"duration":12574}},{"uid":"2c5c0ffea2001f1d","status":"passed","time":{"start":1753526174880,"stop":1753526189819,"duration":14939}},{"uid":"139baeaf2a27655c","status":"passed","time":{"start":1753525330827,"stop":1753525342097,"duration":11270}},{"uid":"1133dd710c3e849b","status":"broken","statusDetails":"Exception: Element not found: ('xpath', \"//input[@id=':r0:']\")\n","time":{"start":1753524890035,"stop":1753524907696,"duration":17661}},{"uid":"9dfd2c4b9ea1ccb","status":"passed","time":{"start":1753513115947,"stop":1753513126948,"duration":11001}},{"uid":"366c7a7c9060cafa","status":"passed","time":{"start":1753512926049,"stop":1753512937250,"duration":11201}},{"uid":"340cddd56b60dfc0","status":"passed","time":{"start":1753511917908,"stop":1753511929313,"duration":11405}},{"uid":"6e8a96251ba1a271","status":"passed","time":{"start":1753511483404,"stop":1753511494452,"duration":11048}},{"uid":"99f3f05648843d34","status":"passed","time":{"start":1753510663195,"stop":1753510673949,"duration":10754}},{"uid":"92564fd577de36c9","status":"broken","statusDetails":"selenium.common.exceptions.TimeoutException: Message: \nStacktrace:\n\tGetHandleVerifier [0x0x7ff66a13e935+77845]\n\tGetHandleVerifier [0x0x7ff66a13e990+77936]\n\t(No symbol) [0x0x7ff669ef9cda]\n\t(No symbol) [0x0x7ff669f506aa]\n\t(No symbol) [0x0x7ff669f5095c]\n\t(No symbol) [0x0x7ff669fa3d07]\n\t(No symbol) [0x0x7ff669f7890f]\n\t(No symbol) [0x0x7ff669fa0b07]\n\t(No symbol) [0x0x7ff669f786a3]\n\t(No symbol) [0x0x7ff669f41791]\n\t(No symbol) [0x0x7ff669f42523]\n\tGetHandleVerifier [0x0x7ff66a41684d+3059501]\n\tGetHandleVerifier [0x0x7ff66a410c0d+3035885]\n\tGetHandleVerifier [0x0x7ff66a430400+3164896]\n\tGetHandleVerifier [0x0x7ff66a158c3e+185118]\n\tGetHandleVerifier [0x0x7ff66a16054f+216111]\n\tGetHandleVerifier [0x0x7ff66a1472e4+113092]\n\tGetHandleVerifier [0x0x7ff66a147499+113529]\n\tGetHandleVerifier [0x0x7ff66a12e298+10616]\n\tBaseThreadInitThunk [0x0x7ff976d1e8d7+23]\n\tRtlUserThreadStart [0x0x7ff977f3c34c+44]\n\n","time":{"start":1753509583422,"stop":1753509604640,"duration":21218}},{"uid":"37cf675397dd1d2f","status":"broken","statusDetails":"selenium.common.exceptions.TimeoutException: Message: \nStacktrace:\n\tGetHandleVerifier [0x0x7ff6321de935+77845]\n\tGetHandleVerifier [0x0x7ff6321de990+77936]\n\t(No symbol) [0x0x7ff631f99cda]\n\t(No symbol) [0x0x7ff631ff06aa]\n\t(No symbol) [0x0x7ff631ff095c]\n\t(No symbol) [0x0x7ff632043d07]\n\t(No symbol) [0x0x7ff63201890f]\n\t(No symbol) [0x0x7ff632040b07]\n\t(No symbol) [0x0x7ff6320186a3]\n\t(No symbol) [0x0x7ff631fe1791]\n\t(No symbol) [0x0x7ff631fe2523]\n\tGetHandleVerifier [0x0x7ff6324b684d+3059501]\n\tGetHandleVerifier [0x0x7ff6324b0c0d+3035885]\n\tGetHandleVerifier [0x0x7ff6324d0400+3164896]\n\tGetHandleVerifier [0x0x7ff6321f8c3e+185118]\n\tGetHandleVerifier [0x0x7ff63220054f+216111]\n\tGetHandleVerifier [0x0x7ff6321e72e4+113092]\n\tGetHandleVerifier [0x0x7ff6321e7499+113529]\n\tGetHandleVerifier [0x0x7ff6321ce298+10616]\n\tBaseThreadInitThunk [0x0x7ff976d1e8d7+23]\n\tRtlUserThreadStart [0x0x7ff977f3c34c+44]\n\n","time":{"start":1753451912983,"stop":1753451934100,"duration":21117}},{"uid":"50c26d5ff99e7888","status":"broken","statusDetails":"selenium.common.exceptions.TimeoutException: Message: \nStacktrace:\n\tGetHandleVerifier [0x0x7ff6321de935+77845]\n\tGetHandleVerifier [0x0x7ff6321de990+77936]\n\t(No symbol) [0x0x7ff631f99cda]\n\t(No symbol) [0x0x7ff631ff06aa]\n\t(No symbol) [0x0x7ff631ff095c]\n\t(No symbol) [0x0x7ff632043d07]\n\t(No symbol) [0x0x7ff63201890f]\n\t(No symbol) [0x0x7ff632040b07]\n\t(No symbol) [0x0x7ff6320186a3]\n\t(No symbol) [0x0x7ff631fe1791]\n\t(No symbol) [0x0x7ff631fe2523]\n\tGetHandleVerifier [0x0x7ff6324b684d+3059501]\n\tGetHandleVerifier [0x0x7ff6324b0c0d+3035885]\n\tGetHandleVerifier [0x0x7ff6324d0400+3164896]\n\tGetHandleVerifier [0x0x7ff6321f8c3e+185118]\n\tGetHandleVerifier [0x0x7ff63220054f+216111]\n\tGetHandleVerifier [0x0x7ff6321e72e4+113092]\n\tGetHandleVerifier [0x0x7ff6321e7499+113529]\n\tGetHandleVerifier [0x0x7ff6321ce298+10616]\n\tBaseThreadInitThunk [0x0x7ff976d1e8d7+23]\n\tRtlUserThreadStart [0x0x7ff977f3c34c+44]\n\n","time":{"start":1753451689914,"stop":1753451716303,"duration":26389}},{"uid":"526684a243655802","status":"broken","statusDetails":"selenium.common.exceptions.InvalidSelectorException: Message: invalid selector: Unable to locate an element with the xpath expression //p[contains(@id=, 'helper-text'] because of the following error:\nSyntaxError: Failed to execute 'evaluate' on 'Document': The string '//p[contains(@id=, 'helper-text']' is not a valid XPath expression.\n  (Session info: chrome=138.0.7204.169); For documentation on this error, please visit: https://www.selenium.dev/documentation/webdriver/troubleshooting/errors#invalid-selector-exception\nStacktrace:\n\tGetHandleVerifier [0x0x7ff6321de935+77845]\n\tGetHandleVerifier [0x0x7ff6321de990+77936]\n\t(No symbol) [0x0x7ff631f99cda]\n\t(No symbol) [0x0x7ff631fa1679]\n\t(No symbol) [0x0x7ff631fa471c]\n\t(No symbol) [0x0x7ff631fa47ef]\n\t(No symbol) [0x0x7ff631feff57]\n\t(No symbol) [0x0x7ff631ff095c]\n\t(No symbol) [0x0x7ff632043d07]\n\t(No symbol) [0x0x7ff63201890f]\n\t(No symbol) [0x0x7ff632040b07]\n\t(No symbol) [0x0x7ff6320186a3]\n\t(No symbol) [0x0x7ff631fe1791]\n\t(No symbol) [0x0x7ff631fe2523]\n\tGetHandleVerifier [0x0x7ff6324b684d+3059501]\n\tGetHandleVerifier [0x0x7ff6324b0c0d+3035885]\n\tGetHandleVerifier [0x0x7ff6324d0400+3164896]\n\tGetHandleVerifier [0x0x7ff6321f8c3e+185118]\n\tGetHandleVerifier [0x0x7ff63220054f+216111]\n\tGetHandleVerifier [0x0x7ff6321e72e4+113092]\n\tGetHandleVerifier [0x0x7ff6321e7499+113529]\n\tGetHandleVerifier [0x0x7ff6321ce298+10616]\n\tBaseThreadInitThunk [0x0x7ff976d1e8d7+23]\n\tRtlUserThreadStart [0x0x7ff977f3c34c+44]\n\n","time":{"start":1753451225069,"stop":1753451235233,"duration":10164}},{"uid":"5f2b97297cdcc4a9","status":"broken","statusDetails":"selenium.common.exceptions.InvalidSelectorException: Message: invalid selector: Unable to locate an element with the xpath expression //p[contains(@id=, 'helper-text'] because of the following error:\nSyntaxError: Failed to execute 'evaluate' on 'Document': The string '//p[contains(@id=, 'helper-text']' is not a valid XPath expression.\n  (Session info: chrome=138.0.7204.169); For documentation on this error, please visit: https://www.selenium.dev/documentation/webdriver/troubleshooting/errors#invalid-selector-exception\nStacktrace:\n\tGetHandleVerifier [0x0x7ff6321de935+77845]\n\tGetHandleVerifier [0x0x7ff6321de990+77936]\n\t(No symbol) [0x0x7ff631f99cda]\n\t(No symbol) [0x0x7ff631fa1679]\n\t(No symbol) [0x0x7ff631fa471c]\n\t(No symbol) [0x0x7ff631fa47ef]\n\t(No symbol) [0x0x7ff631feff57]\n\t(No symbol) [0x0x7ff631ff095c]\n\t(No symbol) [0x0x7ff632043d07]\n\t(No symbol) [0x0x7ff63201890f]\n\t(No symbol) [0x0x7ff632040b07]\n\t(No symbol) [0x0x7ff6320186a3]\n\t(No symbol) [0x0x7ff631fe1791]\n\t(No symbol) [0x0x7ff631fe2523]\n\tGetHandleVerifier [0x0x7ff6324b684d+3059501]\n\tGetHandleVerifier [0x0x7ff6324b0c0d+3035885]\n\tGetHandleVerifier [0x0x7ff6324d0400+3164896]\n\tGetHandleVerifier [0x0x7ff6321f8c3e+185118]\n\tGetHandleVerifier [0x0x7ff63220054f+216111]\n\tGetHandleVerifier [0x0x7ff6321e72e4+113092]\n\tGetHandleVerifier [0x0x7ff6321e7499+113529]\n\tGetHandleVerifier [0x0x7ff6321ce298+10616]\n\tBaseThreadInitThunk [0x0x7ff976d1e8d7+23]\n\tRtlUserThreadStart [0x0x7ff977f3c34c+44]\n\n","time":{"start":1753450436512,"stop":1753450447746,"duration":11234}},{"uid":"34ff8f7a6111bf3","status":"broken","statusDetails":"selenium.common.exceptions.InvalidSelectorException: Message: invalid selector: Unable to locate an element with the xpath expression //p[contains(@id=, 'helper-text'] because of the following error:\nSyntaxError: Failed to execute 'evaluate' on 'Document': The string '//p[contains(@id=, 'helper-text']' is not a valid XPath expression.\n  (Session info: chrome=138.0.7204.158); For documentation on this error, please visit: https://www.selenium.dev/documentation/webdriver/troubleshooting/errors#invalid-selector-exception\nStacktrace:\n\tGetHandleVerifier [0x0x7ff69308e925+77845]\n\tGetHandleVerifier [0x0x7ff69308e980+77936]\n\t(No symbol) [0x0x7ff692e49cda]\n\t(No symbol) [0x0x7ff692e51679]\n\t(No symbol) [0x0x7ff692e5471c]\n\t(No symbol) [0x0x7ff692e547ef]\n\t(No symbol) [0x0x7ff692e9ff57]\n\t(No symbol) [0x0x7ff692ea095c]\n\t(No symbol) [0x0x7ff692ef3d07]\n\t(No symbol) [0x0x7ff692ec890f]\n\t(No symbol) [0x0x7ff692ef0b07]\n\t(No symbol) [0x0x7ff692ec86a3]\n\t(No symbol) [0x0x7ff692e91791]\n\t(No symbol) [0x0x7ff692e92523]\n\tGetHandleVerifier [0x0x7ff69336683d+3059501]\n\tGetHandleVerifier [0x0x7ff693360bfd+3035885]\n\tGetHandleVerifier [0x0x7ff6933803f0+3164896]\n\tGetHandleVerifier [0x0x7ff6930a8c2e+185118]\n\tGetHandleVerifier [0x0x7ff6930b053f+216111]\n\tGetHandleVerifier [0x0x7ff6930972d4+113092]\n\tGetHandleVerifier [0x0x7ff693097489+113529]\n\tGetHandleVerifier [0x0x7ff69307e288+10616]\n\tBaseThreadInitThunk [0x0x7ff976d1e8d7+23]\n\tRtlUserThreadStart [0x0x7ff977f3c34c+44]\n\n","time":{"start":1753174188028,"stop":1753174200256,"duration":12228}},{"uid":"9e7370f0614ebb63","status":"broken","statusDetails":"Exception: Element not found: ('xpath', \"//input[@id=':r0:']\")\n","time":{"start":1753173700821,"stop":1753173719820,"duration":18999}}],"categories":[],"tags":[]},"source":"2097c6fd6d864395.json","parameterValues":[]}