{"uid":"4eadbcb8bed6def0","name":"Validate Logout Button Functionality","fullName":"Login functionality for GuviZenClass portal: Validate Logout Button Functionality","historyId":"f4d972a4e6a20ceddb5c749f712858e8","time":{"start":1753526661330,"stop":1753526678295,"duration":16965},"status":"broken","statusMessage":"selenium.common.exceptions.ElementClickInterceptedException: Message: element click intercepted: Element <img id=\"profile-click-icon\" class=\"profile-click-icon\" src=\"/images/commonComponents/profileIcon/dropdownArrowLogo.svg\"> is not clickable at point (1485, 41). Other element would receive the click: <div aria-hidden=\"true\" class=\"MuiBackdrop-root css-xuaqpw\" style=\"opacity: 1; transition: opacity 225ms cubic-bezier(0.4, 0, 0.2, 1);\">...</div>\n  (Session info: chrome=138.0.7204.169)\nStacktrace:\n\tGetHandleVerifier [0x0x7ff66a13e935+77845]\n\tGetHandleVerifier [0x0x7ff66a13e990+77936]\n\t(No symbol) [0x0x7ff669ef9cda]\n\t(No symbol) [0x0x7ff669f586a9]\n\t(No symbol) [0x0x7ff669f56042]\n\t(No symbol) [0x0x7ff669f53081]\n\t(No symbol) [0x0x7ff669f51f81]\n\t(No symbol) [0x0x7ff669f436c8]\n\t(No symbol) [0x0x7ff669f788ca]\n\t(No symbol) [0x0x7ff669f42f76]\n\t(No symbol) [0x0x7ff669f78ae0]\n\t(No symbol) [0x0x7ff669fa0b07]\n\t(No symbol) [0x0x7ff669f786a3]\n\t(No symbol) [0x0x7ff669f41791]\n\t(No symbol) [0x0x7ff669f42523]\n\tGetHandleVerifier [0x0x7ff66a41684d+3059501]\n\tGetHandleVerifier [0x0x7ff66a410c0d+3035885]\n\tGetHandleVerifier [0x0x7ff66a430400+3164896]\n\tGetHandleVerifier [0x0x7ff66a158c3e+185118]\n\tGetHandleVerifier [0x0x7ff66a16054f+216111]\n\tGetHandleVerifier [0x0x7ff66a1472e4+113092]\n\tGetHandleVerifier [0x0x7ff66a147499+113529]\n\tGetHandleVerifier [0x0x7ff66a12e298+10616]\n\tBaseThreadInitThunk [0x0x7ff976d1e8d7+23]\n\tRtlUserThreadStart [0x0x7ff977f3c34c+44]\n\n","statusTrace":"  File \"C:\\Users\\surek\\AppData\\Local\\Programs\\Python\\Python313\\Lib\\site-packages\\behave\\model.py\", line 1329, in run\n    match.run(runner.context)\n    ~~~~~~~~~^^^^^^^^^^^^^^^^\n  File \"C:\\Users\\surek\\AppData\\Local\\Programs\\Python\\Python313\\Lib\\site-packages\\behave\\matchers.py\", line 98, in run\n    self.func(context, *args, **kwargs)\n    ~~~~~~~~~^^^^^^^^^^^^^^^^^^^^^^^^^^\n  File \"features\\steps\\login_steps.py\", line 121, in step_click_logout\n    raise e\n  File \"features\\steps\\login_steps.py\", line 118, in step_click_logout\n    context.dashboard_page.click_logout()# use the DashboardPage method to click logout\n    ~~~~~~~~~~~~~~~~~~~~~~~~~~~~~~~~~~~^^\n  File \"C:\\Users\\surek\\OneDrive\\Desktop\\task18\\features\\pages\\dashboard_page.py\", line 17, in click_logout\n    profile_icon.click()\n    ~~~~~~~~~~~~~~~~~~^^\n  File \"C:\\Users\\surek\\AppData\\Local\\Programs\\Python\\Python313\\Lib\\site-packages\\selenium\\webdriver\\remote\\webelement.py\", line 119, in click\n    self._execute(Command.CLICK_ELEMENT)\n    ~~~~~~~~~~~~~^^^^^^^^^^^^^^^^^^^^^^^\n  File \"C:\\Users\\surek\\AppData\\Local\\Programs\\Python\\Python313\\Lib\\site-packages\\selenium\\webdriver\\remote\\webelement.py\", line 572, in _execute\n    return self._parent.execute(command, params)\n           ~~~~~~~~~~~~~~~~~~~~^^^^^^^^^^^^^^^^^\n  File \"C:\\Users\\surek\\AppData\\Local\\Programs\\Python\\Python313\\Lib\\site-packages\\selenium\\webdriver\\remote\\webdriver.py\", line 429, in execute\n    self.error_handler.check_response(response)\n    ~~~~~~~~~~~~~~~~~~~~~~~~~~~~~~~~~^^^^^^^^^^\n  File \"C:\\Users\\surek\\AppData\\Local\\Programs\\Python\\Python313\\Lib\\site-packages\\selenium\\webdriver\\remote\\errorhandler.py\", line 232, in check_response\n    raise exception_class(message, screen, stacktrace)\n","flaky":false,"newFailed":false,"newBroken":false,"newPassed":false,"retriesCount":0,"retriesStatusChange":false,"beforeStages":[],"testStage":{"status":"broken","statusMessage":"selenium.common.exceptions.ElementClickInterceptedException: Message: element click intercepted: Element <img id=\"profile-click-icon\" class=\"profile-click-icon\" src=\"/images/commonComponents/profileIcon/dropdownArrowLogo.svg\"> is not clickable at point (1485, 41). Other element would receive the click: <div aria-hidden=\"true\" class=\"MuiBackdrop-root css-xuaqpw\" style=\"opacity: 1; transition: opacity 225ms cubic-bezier(0.4, 0, 0.2, 1);\">...</div>\n  (Session info: chrome=138.0.7204.169)\nStacktrace:\n\tGetHandleVerifier [0x0x7ff66a13e935+77845]\n\tGetHandleVerifier [0x0x7ff66a13e990+77936]\n\t(No symbol) [0x0x7ff669ef9cda]\n\t(No symbol) [0x0x7ff669f586a9]\n\t(No symbol) [0x0x7ff669f56042]\n\t(No symbol) [0x0x7ff669f53081]\n\t(No symbol) [0x0x7ff669f51f81]\n\t(No symbol) [0x0x7ff669f436c8]\n\t(No symbol) [0x0x7ff669f788ca]\n\t(No symbol) [0x0x7ff669f42f76]\n\t(No symbol) [0x0x7ff669f78ae0]\n\t(No symbol) [0x0x7ff669fa0b07]\n\t(No symbol) [0x0x7ff669f786a3]\n\t(No symbol) [0x0x7ff669f41791]\n\t(No symbol) [0x0x7ff669f42523]\n\tGetHandleVerifier [0x0x7ff66a41684d+3059501]\n\tGetHandleVerifier [0x0x7ff66a410c0d+3035885]\n\tGetHandleVerifier [0x0x7ff66a430400+3164896]\n\tGetHandleVerifier [0x0x7ff66a158c3e+185118]\n\tGetHandleVerifier [0x0x7ff66a16054f+216111]\n\tGetHandleVerifier [0x0x7ff66a1472e4+113092]\n\tGetHandleVerifier [0x0x7ff66a147499+113529]\n\tGetHandleVerifier [0x0x7ff66a12e298+10616]\n\tBaseThreadInitThunk [0x0x7ff976d1e8d7+23]\n\tRtlUserThreadStart [0x0x7ff977f3c34c+44]\n\n","statusTrace":"  File \"C:\\Users\\surek\\AppData\\Local\\Programs\\Python\\Python313\\Lib\\site-packages\\behave\\model.py\", line 1329, in run\n    match.run(runner.context)\n    ~~~~~~~~~^^^^^^^^^^^^^^^^\n  File \"C:\\Users\\surek\\AppData\\Local\\Programs\\Python\\Python313\\Lib\\site-packages\\behave\\matchers.py\", line 98, in run\n    self.func(context, *args, **kwargs)\n    ~~~~~~~~~^^^^^^^^^^^^^^^^^^^^^^^^^^\n  File \"features\\steps\\login_steps.py\", line 121, in step_click_logout\n    raise e\n  File \"features\\steps\\login_steps.py\", line 118, in step_click_logout\n    context.dashboard_page.click_logout()# use the DashboardPage method to click logout\n    ~~~~~~~~~~~~~~~~~~~~~~~~~~~~~~~~~~~^^\n  File \"C:\\Users\\surek\\OneDrive\\Desktop\\task18\\features\\pages\\dashboard_page.py\", line 17, in click_logout\n    profile_icon.click()\n    ~~~~~~~~~~~~~~~~~~^^\n  File \"C:\\Users\\surek\\AppData\\Local\\Programs\\Python\\Python313\\Lib\\site-packages\\selenium\\webdriver\\remote\\webelement.py\", line 119, in click\n    self._execute(Command.CLICK_ELEMENT)\n    ~~~~~~~~~~~~~^^^^^^^^^^^^^^^^^^^^^^^\n  File \"C:\\Users\\surek\\AppData\\Local\\Programs\\Python\\Python313\\Lib\\site-packages\\selenium\\webdriver\\remote\\webelement.py\", line 572, in _execute\n    return self._parent.execute(command, params)\n           ~~~~~~~~~~~~~~~~~~~~^^^^^^^^^^^^^^^^^\n  File \"C:\\Users\\surek\\AppData\\Local\\Programs\\Python\\Python313\\Lib\\site-packages\\selenium\\webdriver\\remote\\webdriver.py\", line 429, in execute\n    self.error_handler.check_response(response)\n    ~~~~~~~~~~~~~~~~~~~~~~~~~~~~~~~~~^^^^^^^^^^\n  File \"C:\\Users\\surek\\AppData\\Local\\Programs\\Python\\Python313\\Lib\\site-packages\\selenium\\webdriver\\remote\\errorhandler.py\", line 232, in check_response\n    raise exception_class(message, screen, stacktrace)\n","steps":[{"name":"Given I am logged in with valid credentials","time":{"start":1753526664794,"stop":1753526674442,"duration":9648},"status":"passed","steps":[],"attachments":[],"parameters":[],"hasContent":false,"attachmentsCount":0,"attachmentStep":false,"shouldDisplayMessage":false,"stepsCount":0},{"name":"When I click the logout button","time":{"start":1753526674443,"stop":1753526675549,"duration":1106},"status":"broken","statusMessage":"selenium.common.exceptions.ElementClickInterceptedException: Message: element click intercepted: Element <img id=\"profile-click-icon\" class=\"profile-click-icon\" src=\"/images/commonComponents/profileIcon/dropdownArrowLogo.svg\"> is not clickable at point (1485, 41). Other element would receive the click: <div aria-hidden=\"true\" class=\"MuiBackdrop-root css-xuaqpw\" style=\"opacity: 1; transition: opacity 225ms cubic-bezier(0.4, 0, 0.2, 1);\">...</div>\n  (Session info: chrome=138.0.7204.169)\nStacktrace:\n\tGetHandleVerifier [0x0x7ff66a13e935+77845]\n\tGetHandleVerifier [0x0x7ff66a13e990+77936]\n\t(No symbol) [0x0x7ff669ef9cda]\n\t(No symbol) [0x0x7ff669f586a9]\n\t(No symbol) [0x0x7ff669f56042]\n\t(No symbol) [0x0x7ff669f53081]\n\t(No symbol) [0x0x7ff669f51f81]\n\t(No symbol) [0x0x7ff669f436c8]\n\t(No symbol) [0x0x7ff669f788ca]\n\t(No symbol) [0x0x7ff669f42f76]\n\t(No symbol) [0x0x7ff669f78ae0]\n\t(No symbol) [0x0x7ff669fa0b07]\n\t(No symbol) [0x0x7ff669f786a3]\n\t(No symbol) [0x0x7ff669f41791]\n\t(No symbol) [0x0x7ff669f42523]\n\tGetHandleVerifier [0x0x7ff66a41684d+3059501]\n\tGetHandleVerifier [0x0x7ff66a410c0d+3035885]\n\tGetHandleVerifier [0x0x7ff66a430400+3164896]\n\tGetHandleVerifier [0x0x7ff66a158c3e+185118]\n\tGetHandleVerifier [0x0x7ff66a16054f+216111]\n\tGetHandleVerifier [0x0x7ff66a1472e4+113092]\n\tGetHandleVerifier [0x0x7ff66a147499+113529]\n\tGetHandleVerifier [0x0x7ff66a12e298+10616]\n\tBaseThreadInitThunk [0x0x7ff976d1e8d7+23]\n\tRtlUserThreadStart [0x0x7ff977f3c34c+44]\n\n","statusTrace":"  File \"C:\\Users\\surek\\AppData\\Local\\Programs\\Python\\Python313\\Lib\\site-packages\\behave\\model.py\", line 1329, in run\n    match.run(runner.context)\n    ~~~~~~~~~^^^^^^^^^^^^^^^^\n  File \"C:\\Users\\surek\\AppData\\Local\\Programs\\Python\\Python313\\Lib\\site-packages\\behave\\matchers.py\", line 98, in run\n    self.func(context, *args, **kwargs)\n    ~~~~~~~~~^^^^^^^^^^^^^^^^^^^^^^^^^^\n  File \"features\\steps\\login_steps.py\", line 121, in step_click_logout\n    raise e\n  File \"features\\steps\\login_steps.py\", line 118, in step_click_logout\n    context.dashboard_page.click_logout()# use the DashboardPage method to click logout\n    ~~~~~~~~~~~~~~~~~~~~~~~~~~~~~~~~~~~^^\n  File \"C:\\Users\\surek\\OneDrive\\Desktop\\task18\\features\\pages\\dashboard_page.py\", line 17, in click_logout\n    profile_icon.click()\n    ~~~~~~~~~~~~~~~~~~^^\n  File \"C:\\Users\\surek\\AppData\\Local\\Programs\\Python\\Python313\\Lib\\site-packages\\selenium\\webdriver\\remote\\webelement.py\", line 119, in click\n    self._execute(Command.CLICK_ELEMENT)\n    ~~~~~~~~~~~~~^^^^^^^^^^^^^^^^^^^^^^^\n  File \"C:\\Users\\surek\\AppData\\Local\\Programs\\Python\\Python313\\Lib\\site-packages\\selenium\\webdriver\\remote\\webelement.py\", line 572, in _execute\n    return self._parent.execute(command, params)\n           ~~~~~~~~~~~~~~~~~~~~^^^^^^^^^^^^^^^^^\n  File \"C:\\Users\\surek\\AppData\\Local\\Programs\\Python\\Python313\\Lib\\site-packages\\selenium\\webdriver\\remote\\webdriver.py\", line 429, in execute\n    self.error_handler.check_response(response)\n    ~~~~~~~~~~~~~~~~~~~~~~~~~~~~~~~~~^^^^^^^^^^\n  File \"C:\\Users\\surek\\AppData\\Local\\Programs\\Python\\Python313\\Lib\\site-packages\\selenium\\webdriver\\remote\\errorhandler.py\", line 232, in check_response\n    raise exception_class(message, screen, stacktrace)\n","steps":[],"attachments":[],"parameters":[],"hasContent":true,"attachmentsCount":0,"attachmentStep":false,"shouldDisplayMessage":true,"stepsCount":0},{"name":"Then I should be redirected to the login page","time":{"start":1753526678294,"stop":1753526678294,"duration":0},"status":"skipped","steps":[],"attachments":[],"parameters":[],"hasContent":false,"attachmentsCount":0,"attachmentStep":false,"shouldDisplayMessage":false,"stepsCount":0}],"attachments":[],"parameters":[],"hasContent":true,"attachmentsCount":0,"attachmentStep":false,"shouldDisplayMessage":false,"stepsCount":3},"afterStages":[],"labels":[{"name":"severity","value":"normal"},{"name":"feature","value":"Login functionality for GuviZenClass portal"},{"name":"framework","value":"behave"},{"name":"language","value":"cpython3"},{"name":"resultFormat","value":"allure2"}],"parameters":[],"links":[],"hidden":true,"retry":true,"extra":{"categories":[],"tags":[]},"source":"4eadbcb8bed6def0.json","parameterValues":[]}