{"uid":"5f2b97297cdcc4a9","name":"Unsuccessful Login","fullName":"Login functionality for GuviZenClass portal: Unsuccessful Login","historyId":"07c7955c108e91d7b183d93221352f2c","time":{"start":1753450436512,"stop":1753450447746,"duration":11234},"status":"broken","statusMessage":"selenium.common.exceptions.InvalidSelectorException: Message: invalid selector: Unable to locate an element with the xpath expression //p[contains(@id=, 'helper-text'] because of the following error:\nSyntaxError: Failed to execute 'evaluate' on 'Document': The string '//p[contains(@id=, 'helper-text']' is not a valid XPath expression.\n  (Session info: chrome=138.0.7204.169); For documentation on this error, please visit: https://www.selenium.dev/documentation/webdriver/troubleshooting/errors#invalid-selector-exception\nStacktrace:\n\tGetHandleVerifier [0x0x7ff6321de935+77845]\n\tGetHandleVerifier [0x0x7ff6321de990+77936]\n\t(No symbol) [0x0x7ff631f99cda]\n\t(No symbol) [0x0x7ff631fa1679]\n\t(No symbol) [0x0x7ff631fa471c]\n\t(No symbol) [0x0x7ff631fa47ef]\n\t(No symbol) [0x0x7ff631feff57]\n\t(No symbol) [0x0x7ff631ff095c]\n\t(No symbol) [0x0x7ff632043d07]\n\t(No symbol) [0x0x7ff63201890f]\n\t(No symbol) [0x0x7ff632040b07]\n\t(No symbol) [0x0x7ff6320186a3]\n\t(No symbol) [0x0x7ff631fe1791]\n\t(No symbol) [0x0x7ff631fe2523]\n\tGetHandleVerifier [0x0x7ff6324b684d+3059501]\n\tGetHandleVerifier [0x0x7ff6324b0c0d+3035885]\n\tGetHandleVerifier [0x0x7ff6324d0400+3164896]\n\tGetHandleVerifier [0x0x7ff6321f8c3e+185118]\n\tGetHandleVerifier [0x0x7ff63220054f+216111]\n\tGetHandleVerifier [0x0x7ff6321e72e4+113092]\n\tGetHandleVerifier [0x0x7ff6321e7499+113529]\n\tGetHandleVerifier [0x0x7ff6321ce298+10616]\n\tBaseThreadInitThunk [0x0x7ff976d1e8d7+23]\n\tRtlUserThreadStart [0x0x7ff977f3c34c+44]\n\n","statusTrace":"  File \"C:\\Users\\surek\\AppData\\Local\\Programs\\Python\\Python313\\Lib\\site-packages\\behave\\model.py\", line 1329, in run\n    match.run(runner.context)\n    ~~~~~~~~~^^^^^^^^^^^^^^^^\n  File \"C:\\Users\\surek\\AppData\\Local\\Programs\\Python\\Python313\\Lib\\site-packages\\behave\\matchers.py\", line 98, in run\n    self.func(context, *args, **kwargs)\n    ~~~~~~~~~^^^^^^^^^^^^^^^^^^^^^^^^^^\n  File \"features\\steps\\login_steps.py\", line 44, in step_error_message\n    error_text = context.login_page.get_error_message()\n  File \"C:\\Users\\surek\\OneDrive\\Desktop\\task18\\features\\pages\\login_page.py\", line 25, in get_error_message\n    element = self.wait.until(EC.visibility_of_element_located(self.ERROR_MSG))\n  File \"C:\\Users\\surek\\AppData\\Local\\Programs\\Python\\Python313\\Lib\\site-packages\\selenium\\webdriver\\support\\wait.py\", line 137, in until\n    value = method(self._driver)\n  File \"C:\\Users\\surek\\AppData\\Local\\Programs\\Python\\Python313\\Lib\\site-packages\\selenium\\webdriver\\support\\expected_conditions.py\", line 224, in _predicate\n    return _element_if_visible(driver.find_element(*locator))\n                               ~~~~~~~~~~~~~~~~~~~^^^^^^^^^^\n  File \"C:\\Users\\surek\\AppData\\Local\\Programs\\Python\\Python313\\Lib\\site-packages\\selenium\\webdriver\\remote\\webdriver.py\", line 898, in find_element\n    return self.execute(Command.FIND_ELEMENT, {\"using\": by, \"value\": value})[\"value\"]\n           ~~~~~~~~~~~~^^^^^^^^^^^^^^^^^^^^^^^^^^^^^^^^^^^^^^^^^^^^^^^^^^^^^\n  File \"C:\\Users\\surek\\AppData\\Local\\Programs\\Python\\Python313\\Lib\\site-packages\\selenium\\webdriver\\remote\\webdriver.py\", line 429, in execute\n    self.error_handler.check_response(response)\n    ~~~~~~~~~~~~~~~~~~~~~~~~~~~~~~~~~^^^^^^^^^^\n  File \"C:\\Users\\surek\\AppData\\Local\\Programs\\Python\\Python313\\Lib\\site-packages\\selenium\\webdriver\\remote\\errorhandler.py\", line 232, in check_response\n    raise exception_class(message, screen, stacktrace)\n","flaky":false,"newFailed":false,"newBroken":false,"newPassed":false,"retriesCount":0,"retriesStatusChange":false,"beforeStages":[],"testStage":{"status":"broken","statusMessage":"selenium.common.exceptions.InvalidSelectorException: Message: invalid selector: Unable to locate an element with the xpath expression //p[contains(@id=, 'helper-text'] because of the following error:\nSyntaxError: Failed to execute 'evaluate' on 'Document': The string '//p[contains(@id=, 'helper-text']' is not a valid XPath expression.\n  (Session info: chrome=138.0.7204.169); For documentation on this error, please visit: https://www.selenium.dev/documentation/webdriver/troubleshooting/errors#invalid-selector-exception\nStacktrace:\n\tGetHandleVerifier [0x0x7ff6321de935+77845]\n\tGetHandleVerifier [0x0x7ff6321de990+77936]\n\t(No symbol) [0x0x7ff631f99cda]\n\t(No symbol) [0x0x7ff631fa1679]\n\t(No symbol) [0x0x7ff631fa471c]\n\t(No symbol) [0x0x7ff631fa47ef]\n\t(No symbol) [0x0x7ff631feff57]\n\t(No symbol) [0x0x7ff631ff095c]\n\t(No symbol) [0x0x7ff632043d07]\n\t(No symbol) [0x0x7ff63201890f]\n\t(No symbol) [0x0x7ff632040b07]\n\t(No symbol) [0x0x7ff6320186a3]\n\t(No symbol) [0x0x7ff631fe1791]\n\t(No symbol) [0x0x7ff631fe2523]\n\tGetHandleVerifier [0x0x7ff6324b684d+3059501]\n\tGetHandleVerifier [0x0x7ff6324b0c0d+3035885]\n\tGetHandleVerifier [0x0x7ff6324d0400+3164896]\n\tGetHandleVerifier [0x0x7ff6321f8c3e+185118]\n\tGetHandleVerifier [0x0x7ff63220054f+216111]\n\tGetHandleVerifier [0x0x7ff6321e72e4+113092]\n\tGetHandleVerifier [0x0x7ff6321e7499+113529]\n\tGetHandleVerifier [0x0x7ff6321ce298+10616]\n\tBaseThreadInitThunk [0x0x7ff976d1e8d7+23]\n\tRtlUserThreadStart [0x0x7ff977f3c34c+44]\n\n","statusTrace":"  File \"C:\\Users\\surek\\AppData\\Local\\Programs\\Python\\Python313\\Lib\\site-packages\\behave\\model.py\", line 1329, in run\n    match.run(runner.context)\n    ~~~~~~~~~^^^^^^^^^^^^^^^^\n  File \"C:\\Users\\surek\\AppData\\Local\\Programs\\Python\\Python313\\Lib\\site-packages\\behave\\matchers.py\", line 98, in run\n    self.func(context, *args, **kwargs)\n    ~~~~~~~~~^^^^^^^^^^^^^^^^^^^^^^^^^^\n  File \"features\\steps\\login_steps.py\", line 44, in step_error_message\n    error_text = context.login_page.get_error_message()\n  File \"C:\\Users\\surek\\OneDrive\\Desktop\\task18\\features\\pages\\login_page.py\", line 25, in get_error_message\n    element = self.wait.until(EC.visibility_of_element_located(self.ERROR_MSG))\n  File \"C:\\Users\\surek\\AppData\\Local\\Programs\\Python\\Python313\\Lib\\site-packages\\selenium\\webdriver\\support\\wait.py\", line 137, in until\n    value = method(self._driver)\n  File \"C:\\Users\\surek\\AppData\\Local\\Programs\\Python\\Python313\\Lib\\site-packages\\selenium\\webdriver\\support\\expected_conditions.py\", line 224, in _predicate\n    return _element_if_visible(driver.find_element(*locator))\n                               ~~~~~~~~~~~~~~~~~~~^^^^^^^^^^\n  File \"C:\\Users\\surek\\AppData\\Local\\Programs\\Python\\Python313\\Lib\\site-packages\\selenium\\webdriver\\remote\\webdriver.py\", line 898, in find_element\n    return self.execute(Command.FIND_ELEMENT, {\"using\": by, \"value\": value})[\"value\"]\n           ~~~~~~~~~~~~^^^^^^^^^^^^^^^^^^^^^^^^^^^^^^^^^^^^^^^^^^^^^^^^^^^^^\n  File \"C:\\Users\\surek\\AppData\\Local\\Programs\\Python\\Python313\\Lib\\site-packages\\selenium\\webdriver\\remote\\webdriver.py\", line 429, in execute\n    self.error_handler.check_response(response)\n    ~~~~~~~~~~~~~~~~~~~~~~~~~~~~~~~~~^^^^^^^^^^\n  File \"C:\\Users\\surek\\AppData\\Local\\Programs\\Python\\Python313\\Lib\\site-packages\\selenium\\webdriver\\remote\\errorhandler.py\", line 232, in check_response\n    raise exception_class(message, screen, stacktrace)\n","steps":[{"name":"Given I open the login page","time":{"start":1753450439980,"stop":1753450441936,"duration":1956},"status":"passed","steps":[],"attachments":[],"parameters":[],"hasContent":false,"attachmentsCount":0,"attachmentStep":false,"shouldDisplayMessage":false,"stepsCount":0},{"name":"When I enter invalid credentials","time":{"start":1753450441937,"stop":1753450442331,"duration":394},"status":"passed","steps":[],"attachments":[],"parameters":[],"hasContent":false,"attachmentsCount":0,"attachmentStep":false,"shouldDisplayMessage":false,"stepsCount":0},{"name":"And I click the login button","time":{"start":1753450442331,"stop":1753450445477,"duration":3146},"status":"passed","steps":[],"attachments":[],"parameters":[],"hasContent":false,"attachmentsCount":0,"attachmentStep":false,"shouldDisplayMessage":false,"stepsCount":0},{"name":"Then I should see an error message","time":{"start":1753450445478,"stop":1753450445516,"duration":38},"status":"broken","statusMessage":"selenium.common.exceptions.InvalidSelectorException: Message: invalid selector: Unable to locate an element with the xpath expression //p[contains(@id=, 'helper-text'] because of the following error:\nSyntaxError: Failed to execute 'evaluate' on 'Document': The string '//p[contains(@id=, 'helper-text']' is not a valid XPath expression.\n  (Session info: chrome=138.0.7204.169); For documentation on this error, please visit: https://www.selenium.dev/documentation/webdriver/troubleshooting/errors#invalid-selector-exception\nStacktrace:\n\tGetHandleVerifier [0x0x7ff6321de935+77845]\n\tGetHandleVerifier [0x0x7ff6321de990+77936]\n\t(No symbol) [0x0x7ff631f99cda]\n\t(No symbol) [0x0x7ff631fa1679]\n\t(No symbol) [0x0x7ff631fa471c]\n\t(No symbol) [0x0x7ff631fa47ef]\n\t(No symbol) [0x0x7ff631feff57]\n\t(No symbol) [0x0x7ff631ff095c]\n\t(No symbol) [0x0x7ff632043d07]\n\t(No symbol) [0x0x7ff63201890f]\n\t(No symbol) [0x0x7ff632040b07]\n\t(No symbol) [0x0x7ff6320186a3]\n\t(No symbol) [0x0x7ff631fe1791]\n\t(No symbol) [0x0x7ff631fe2523]\n\tGetHandleVerifier [0x0x7ff6324b684d+3059501]\n\tGetHandleVerifier [0x0x7ff6324b0c0d+3035885]\n\tGetHandleVerifier [0x0x7ff6324d0400+3164896]\n\tGetHandleVerifier [0x0x7ff6321f8c3e+185118]\n\tGetHandleVerifier [0x0x7ff63220054f+216111]\n\tGetHandleVerifier [0x0x7ff6321e72e4+113092]\n\tGetHandleVerifier [0x0x7ff6321e7499+113529]\n\tGetHandleVerifier [0x0x7ff6321ce298+10616]\n\tBaseThreadInitThunk [0x0x7ff976d1e8d7+23]\n\tRtlUserThreadStart [0x0x7ff977f3c34c+44]\n\n","statusTrace":"  File \"C:\\Users\\surek\\AppData\\Local\\Programs\\Python\\Python313\\Lib\\site-packages\\behave\\model.py\", line 1329, in run\n    match.run(runner.context)\n    ~~~~~~~~~^^^^^^^^^^^^^^^^\n  File \"C:\\Users\\surek\\AppData\\Local\\Programs\\Python\\Python313\\Lib\\site-packages\\behave\\matchers.py\", line 98, in run\n    self.func(context, *args, **kwargs)\n    ~~~~~~~~~^^^^^^^^^^^^^^^^^^^^^^^^^^\n  File \"features\\steps\\login_steps.py\", line 44, in step_error_message\n    error_text = context.login_page.get_error_message()\n  File \"C:\\Users\\surek\\OneDrive\\Desktop\\task18\\features\\pages\\login_page.py\", line 25, in get_error_message\n    element = self.wait.until(EC.visibility_of_element_located(self.ERROR_MSG))\n  File \"C:\\Users\\surek\\AppData\\Local\\Programs\\Python\\Python313\\Lib\\site-packages\\selenium\\webdriver\\support\\wait.py\", line 137, in until\n    value = method(self._driver)\n  File \"C:\\Users\\surek\\AppData\\Local\\Programs\\Python\\Python313\\Lib\\site-packages\\selenium\\webdriver\\support\\expected_conditions.py\", line 224, in _predicate\n    return _element_if_visible(driver.find_element(*locator))\n                               ~~~~~~~~~~~~~~~~~~~^^^^^^^^^^\n  File \"C:\\Users\\surek\\AppData\\Local\\Programs\\Python\\Python313\\Lib\\site-packages\\selenium\\webdriver\\remote\\webdriver.py\", line 898, in find_element\n    return self.execute(Command.FIND_ELEMENT, {\"using\": by, \"value\": value})[\"value\"]\n           ~~~~~~~~~~~~^^^^^^^^^^^^^^^^^^^^^^^^^^^^^^^^^^^^^^^^^^^^^^^^^^^^^\n  File \"C:\\Users\\surek\\AppData\\Local\\Programs\\Python\\Python313\\Lib\\site-packages\\selenium\\webdriver\\remote\\webdriver.py\", line 429, in execute\n    self.error_handler.check_response(response)\n    ~~~~~~~~~~~~~~~~~~~~~~~~~~~~~~~~~^^^^^^^^^^\n  File \"C:\\Users\\surek\\AppData\\Local\\Programs\\Python\\Python313\\Lib\\site-packages\\selenium\\webdriver\\remote\\errorhandler.py\", line 232, in check_response\n    raise exception_class(message, screen, stacktrace)\n","steps":[],"attachments":[],"parameters":[],"hasContent":true,"attachmentsCount":0,"attachmentStep":false,"shouldDisplayMessage":true,"stepsCount":0}],"attachments":[],"parameters":[],"hasContent":true,"attachmentsCount":0,"attachmentStep":false,"shouldDisplayMessage":false,"stepsCount":4},"afterStages":[],"labels":[{"name":"severity","value":"normal"},{"name":"feature","value":"Login functionality for GuviZenClass portal"},{"name":"framework","value":"behave"},{"name":"language","value":"cpython3"},{"name":"resultFormat","value":"allure2"}],"parameters":[],"links":[],"hidden":true,"retry":true,"extra":{"categories":[],"tags":[]},"source":"5f2b97297cdcc4a9.json","parameterValues":[]}