{"uid":"6128abc4bb20975a","name":"Validate Logout Button Functionality","fullName":"Login functionality for GuviZenClass portal: Validate Logout Button Functionality","historyId":"f4d972a4e6a20ceddb5c749f712858e8","time":{"start":1753173740044,"stop":1753173755993,"duration":15949},"status":"broken","statusMessage":"selenium.common.exceptions.ElementClickInterceptedException: Message: element click intercepted: Element <img id=\"profile-click-icon\" class=\"profile-click-icon\" src=\"/images/commonComponents/profileIcon/dropdownArrowLogo.svg\"> is not clickable at point (1485, 41). Other element would receive the click: <div aria-hidden=\"true\" class=\"MuiBackdrop-root MuiModal-backdrop css-919eu4\" style=\"opacity: 1; transition: opacity 225ms cubic-bezier(0.4, 0, 0.2, 1);\"></div>\n  (Session info: chrome=138.0.7204.158)\nStacktrace:\n\tGetHandleVerifier [0x0x7ff69308e925+77845]\n\tGetHandleVerifier [0x0x7ff69308e980+77936]\n\t(No symbol) [0x0x7ff692e49cda]\n\t(No symbol) [0x0x7ff692ea86a9]\n\t(No symbol) [0x0x7ff692ea6042]\n\t(No symbol) [0x0x7ff692ea3081]\n\t(No symbol) [0x0x7ff692ea1f81]\n\t(No symbol) [0x0x7ff692e936c8]\n\t(No symbol) [0x0x7ff692ec88ca]\n\t(No symbol) [0x0x7ff692e92f76]\n\t(No symbol) [0x0x7ff692ec8ae0]\n\t(No symbol) [0x0x7ff692ef0b07]\n\t(No symbol) [0x0x7ff692ec86a3]\n\t(No symbol) [0x0x7ff692e91791]\n\t(No symbol) [0x0x7ff692e92523]\n\tGetHandleVerifier [0x0x7ff69336683d+3059501]\n\tGetHandleVerifier [0x0x7ff693360bfd+3035885]\n\tGetHandleVerifier [0x0x7ff6933803f0+3164896]\n\tGetHandleVerifier [0x0x7ff6930a8c2e+185118]\n\tGetHandleVerifier [0x0x7ff6930b053f+216111]\n\tGetHandleVerifier [0x0x7ff6930972d4+113092]\n\tGetHandleVerifier [0x0x7ff693097489+113529]\n\tGetHandleVerifier [0x0x7ff69307e288+10616]\n\tBaseThreadInitThunk [0x0x7ff976d1e8d7+23]\n\tRtlUserThreadStart [0x0x7ff977f3c34c+44]\n\n","statusTrace":"  File \"C:\\Users\\surek\\AppData\\Local\\Programs\\Python\\Python313\\Lib\\site-packages\\behave\\model.py\", line 1329, in run\n    match.run(runner.context)\n    ~~~~~~~~~^^^^^^^^^^^^^^^^\n  File \"C:\\Users\\surek\\AppData\\Local\\Programs\\Python\\Python313\\Lib\\site-packages\\behave\\matchers.py\", line 98, in run\n    self.func(context, *args, **kwargs)\n    ~~~~~~~~~^^^^^^^^^^^^^^^^^^^^^^^^^^\n  File \"features\\steps\\login_steps.py\", line 72, in step_click_logout\n    context.dashboard_page.click_logout()\n    ~~~~~~~~~~~~~~~~~~~~~~~~~~~~~~~~~~~^^\n  File \"C:\\Users\\surek\\OneDrive\\Desktop\\task18\\features\\pages\\dashboard_page.py\", line 12, in click_logout\n    profile_icon.click()\n    ~~~~~~~~~~~~~~~~~~^^\n  File \"C:\\Users\\surek\\AppData\\Local\\Programs\\Python\\Python313\\Lib\\site-packages\\selenium\\webdriver\\remote\\webelement.py\", line 119, in click\n    self._execute(Command.CLICK_ELEMENT)\n    ~~~~~~~~~~~~~^^^^^^^^^^^^^^^^^^^^^^^\n  File \"C:\\Users\\surek\\AppData\\Local\\Programs\\Python\\Python313\\Lib\\site-packages\\selenium\\webdriver\\remote\\webelement.py\", line 572, in _execute\n    return self._parent.execute(command, params)\n           ~~~~~~~~~~~~~~~~~~~~^^^^^^^^^^^^^^^^^\n  File \"C:\\Users\\surek\\AppData\\Local\\Programs\\Python\\Python313\\Lib\\site-packages\\selenium\\webdriver\\remote\\webdriver.py\", line 429, in execute\n    self.error_handler.check_response(response)\n    ~~~~~~~~~~~~~~~~~~~~~~~~~~~~~~~~~^^^^^^^^^^\n  File \"C:\\Users\\surek\\AppData\\Local\\Programs\\Python\\Python313\\Lib\\site-packages\\selenium\\webdriver\\remote\\errorhandler.py\", line 232, in check_response\n    raise exception_class(message, screen, stacktrace)\n","flaky":false,"newFailed":false,"newBroken":false,"newPassed":false,"retriesCount":0,"retriesStatusChange":false,"beforeStages":[],"testStage":{"status":"broken","statusMessage":"selenium.common.exceptions.ElementClickInterceptedException: Message: element click intercepted: Element <img id=\"profile-click-icon\" class=\"profile-click-icon\" src=\"/images/commonComponents/profileIcon/dropdownArrowLogo.svg\"> is not clickable at point (1485, 41). Other element would receive the click: <div aria-hidden=\"true\" class=\"MuiBackdrop-root MuiModal-backdrop css-919eu4\" style=\"opacity: 1; transition: opacity 225ms cubic-bezier(0.4, 0, 0.2, 1);\"></div>\n  (Session info: chrome=138.0.7204.158)\nStacktrace:\n\tGetHandleVerifier [0x0x7ff69308e925+77845]\n\tGetHandleVerifier [0x0x7ff69308e980+77936]\n\t(No symbol) [0x0x7ff692e49cda]\n\t(No symbol) [0x0x7ff692ea86a9]\n\t(No symbol) [0x0x7ff692ea6042]\n\t(No symbol) [0x0x7ff692ea3081]\n\t(No symbol) [0x0x7ff692ea1f81]\n\t(No symbol) [0x0x7ff692e936c8]\n\t(No symbol) [0x0x7ff692ec88ca]\n\t(No symbol) [0x0x7ff692e92f76]\n\t(No symbol) [0x0x7ff692ec8ae0]\n\t(No symbol) [0x0x7ff692ef0b07]\n\t(No symbol) [0x0x7ff692ec86a3]\n\t(No symbol) [0x0x7ff692e91791]\n\t(No symbol) [0x0x7ff692e92523]\n\tGetHandleVerifier [0x0x7ff69336683d+3059501]\n\tGetHandleVerifier [0x0x7ff693360bfd+3035885]\n\tGetHandleVerifier [0x0x7ff6933803f0+3164896]\n\tGetHandleVerifier [0x0x7ff6930a8c2e+185118]\n\tGetHandleVerifier [0x0x7ff6930b053f+216111]\n\tGetHandleVerifier [0x0x7ff6930972d4+113092]\n\tGetHandleVerifier [0x0x7ff693097489+113529]\n\tGetHandleVerifier [0x0x7ff69307e288+10616]\n\tBaseThreadInitThunk [0x0x7ff976d1e8d7+23]\n\tRtlUserThreadStart [0x0x7ff977f3c34c+44]\n\n","statusTrace":"  File \"C:\\Users\\surek\\AppData\\Local\\Programs\\Python\\Python313\\Lib\\site-packages\\behave\\model.py\", line 1329, in run\n    match.run(runner.context)\n    ~~~~~~~~~^^^^^^^^^^^^^^^^\n  File \"C:\\Users\\surek\\AppData\\Local\\Programs\\Python\\Python313\\Lib\\site-packages\\behave\\matchers.py\", line 98, in run\n    self.func(context, *args, **kwargs)\n    ~~~~~~~~~^^^^^^^^^^^^^^^^^^^^^^^^^^\n  File \"features\\steps\\login_steps.py\", line 72, in step_click_logout\n    context.dashboard_page.click_logout()\n    ~~~~~~~~~~~~~~~~~~~~~~~~~~~~~~~~~~~^^\n  File \"C:\\Users\\surek\\OneDrive\\Desktop\\task18\\features\\pages\\dashboard_page.py\", line 12, in click_logout\n    profile_icon.click()\n    ~~~~~~~~~~~~~~~~~~^^\n  File \"C:\\Users\\surek\\AppData\\Local\\Programs\\Python\\Python313\\Lib\\site-packages\\selenium\\webdriver\\remote\\webelement.py\", line 119, in click\n    self._execute(Command.CLICK_ELEMENT)\n    ~~~~~~~~~~~~~^^^^^^^^^^^^^^^^^^^^^^^\n  File \"C:\\Users\\surek\\AppData\\Local\\Programs\\Python\\Python313\\Lib\\site-packages\\selenium\\webdriver\\remote\\webelement.py\", line 572, in _execute\n    return self._parent.execute(command, params)\n           ~~~~~~~~~~~~~~~~~~~~^^^^^^^^^^^^^^^^^\n  File \"C:\\Users\\surek\\AppData\\Local\\Programs\\Python\\Python313\\Lib\\site-packages\\selenium\\webdriver\\remote\\webdriver.py\", line 429, in execute\n    self.error_handler.check_response(response)\n    ~~~~~~~~~~~~~~~~~~~~~~~~~~~~~~~~~^^^^^^^^^^\n  File \"C:\\Users\\surek\\AppData\\Local\\Programs\\Python\\Python313\\Lib\\site-packages\\selenium\\webdriver\\remote\\errorhandler.py\", line 232, in check_response\n    raise exception_class(message, screen, stacktrace)\n","steps":[{"name":"Given I am logged in with valid credentials","time":{"start":1753173743517,"stop":1753173750541,"duration":7024},"status":"passed","steps":[],"attachments":[],"parameters":[],"hasContent":false,"attachmentsCount":0,"attachmentStep":false,"shouldDisplayMessage":false,"stepsCount":0},{"name":"When I click the logout button","time":{"start":1753173750541,"stop":1753173753709,"duration":3168},"status":"broken","statusMessage":"selenium.common.exceptions.ElementClickInterceptedException: Message: element click intercepted: Element <img id=\"profile-click-icon\" class=\"profile-click-icon\" src=\"/images/commonComponents/profileIcon/dropdownArrowLogo.svg\"> is not clickable at point (1485, 41). Other element would receive the click: <div aria-hidden=\"true\" class=\"MuiBackdrop-root MuiModal-backdrop css-919eu4\" style=\"opacity: 1; transition: opacity 225ms cubic-bezier(0.4, 0, 0.2, 1);\"></div>\n  (Session info: chrome=138.0.7204.158)\nStacktrace:\n\tGetHandleVerifier [0x0x7ff69308e925+77845]\n\tGetHandleVerifier [0x0x7ff69308e980+77936]\n\t(No symbol) [0x0x7ff692e49cda]\n\t(No symbol) [0x0x7ff692ea86a9]\n\t(No symbol) [0x0x7ff692ea6042]\n\t(No symbol) [0x0x7ff692ea3081]\n\t(No symbol) [0x0x7ff692ea1f81]\n\t(No symbol) [0x0x7ff692e936c8]\n\t(No symbol) [0x0x7ff692ec88ca]\n\t(No symbol) [0x0x7ff692e92f76]\n\t(No symbol) [0x0x7ff692ec8ae0]\n\t(No symbol) [0x0x7ff692ef0b07]\n\t(No symbol) [0x0x7ff692ec86a3]\n\t(No symbol) [0x0x7ff692e91791]\n\t(No symbol) [0x0x7ff692e92523]\n\tGetHandleVerifier [0x0x7ff69336683d+3059501]\n\tGetHandleVerifier [0x0x7ff693360bfd+3035885]\n\tGetHandleVerifier [0x0x7ff6933803f0+3164896]\n\tGetHandleVerifier [0x0x7ff6930a8c2e+185118]\n\tGetHandleVerifier [0x0x7ff6930b053f+216111]\n\tGetHandleVerifier [0x0x7ff6930972d4+113092]\n\tGetHandleVerifier [0x0x7ff693097489+113529]\n\tGetHandleVerifier [0x0x7ff69307e288+10616]\n\tBaseThreadInitThunk [0x0x7ff976d1e8d7+23]\n\tRtlUserThreadStart [0x0x7ff977f3c34c+44]\n\n","statusTrace":"  File \"C:\\Users\\surek\\AppData\\Local\\Programs\\Python\\Python313\\Lib\\site-packages\\behave\\model.py\", line 1329, in run\n    match.run(runner.context)\n    ~~~~~~~~~^^^^^^^^^^^^^^^^\n  File \"C:\\Users\\surek\\AppData\\Local\\Programs\\Python\\Python313\\Lib\\site-packages\\behave\\matchers.py\", line 98, in run\n    self.func(context, *args, **kwargs)\n    ~~~~~~~~~^^^^^^^^^^^^^^^^^^^^^^^^^^\n  File \"features\\steps\\login_steps.py\", line 72, in step_click_logout\n    context.dashboard_page.click_logout()\n    ~~~~~~~~~~~~~~~~~~~~~~~~~~~~~~~~~~~^^\n  File \"C:\\Users\\surek\\OneDrive\\Desktop\\task18\\features\\pages\\dashboard_page.py\", line 12, in click_logout\n    profile_icon.click()\n    ~~~~~~~~~~~~~~~~~~^^\n  File \"C:\\Users\\surek\\AppData\\Local\\Programs\\Python\\Python313\\Lib\\site-packages\\selenium\\webdriver\\remote\\webelement.py\", line 119, in click\n    self._execute(Command.CLICK_ELEMENT)\n    ~~~~~~~~~~~~~^^^^^^^^^^^^^^^^^^^^^^^\n  File \"C:\\Users\\surek\\AppData\\Local\\Programs\\Python\\Python313\\Lib\\site-packages\\selenium\\webdriver\\remote\\webelement.py\", line 572, in _execute\n    return self._parent.execute(command, params)\n           ~~~~~~~~~~~~~~~~~~~~^^^^^^^^^^^^^^^^^\n  File \"C:\\Users\\surek\\AppData\\Local\\Programs\\Python\\Python313\\Lib\\site-packages\\selenium\\webdriver\\remote\\webdriver.py\", line 429, in execute\n    self.error_handler.check_response(response)\n    ~~~~~~~~~~~~~~~~~~~~~~~~~~~~~~~~~^^^^^^^^^^\n  File \"C:\\Users\\surek\\AppData\\Local\\Programs\\Python\\Python313\\Lib\\site-packages\\selenium\\webdriver\\remote\\errorhandler.py\", line 232, in check_response\n    raise exception_class(message, screen, stacktrace)\n","steps":[],"attachments":[],"parameters":[],"hasContent":true,"attachmentsCount":0,"attachmentStep":false,"shouldDisplayMessage":true,"stepsCount":0},{"name":"Then I should be redirected to the login page","time":{"start":1753173755993,"stop":1753173755993,"duration":0},"status":"skipped","steps":[],"attachments":[],"parameters":[],"hasContent":false,"attachmentsCount":0,"attachmentStep":false,"shouldDisplayMessage":false,"stepsCount":0}],"attachments":[],"parameters":[],"hasContent":true,"attachmentsCount":0,"attachmentStep":false,"shouldDisplayMessage":false,"stepsCount":3},"afterStages":[],"labels":[{"name":"severity","value":"normal"},{"name":"feature","value":"Login functionality for GuviZenClass portal"},{"name":"framework","value":"behave"},{"name":"language","value":"cpython3"},{"name":"resultFormat","value":"allure2"}],"parameters":[],"links":[],"hidden":true,"retry":true,"extra":{"categories":[],"tags":[]},"source":"6128abc4bb20975a.json","parameterValues":[]}