{"uid":"887e8b5cd3fc15e2","name":"Successful Login","fullName":"Login functionality for GuviZenClass portal: Successful Login","historyId":"c6e95ed0e0710f82383b7851c7f854d6","time":{"start":1753527050007,"stop":1753527071251,"duration":21244},"status":"broken","statusMessage":"selenium.common.exceptions.TimeoutException: Message: \nStacktrace:\n\tGetHandleVerifier [0x0x7ff66a13e935+77845]\n\tGetHandleVerifier [0x0x7ff66a13e990+77936]\n\t(No symbol) [0x0x7ff669ef9cda]\n\t(No symbol) [0x0x7ff669f506aa]\n\t(No symbol) [0x0x7ff669f5095c]\n\t(No symbol) [0x0x7ff669fa3d07]\n\t(No symbol) [0x0x7ff669f7890f]\n\t(No symbol) [0x0x7ff669fa0b07]\n\t(No symbol) [0x0x7ff669f786a3]\n\t(No symbol) [0x0x7ff669f41791]\n\t(No symbol) [0x0x7ff669f42523]\n\tGetHandleVerifier [0x0x7ff66a41684d+3059501]\n\tGetHandleVerifier [0x0x7ff66a410c0d+3035885]\n\tGetHandleVerifier [0x0x7ff66a430400+3164896]\n\tGetHandleVerifier [0x0x7ff66a158c3e+185118]\n\tGetHandleVerifier [0x0x7ff66a16054f+216111]\n\tGetHandleVerifier [0x0x7ff66a1472e4+113092]\n\tGetHandleVerifier [0x0x7ff66a147499+113529]\n\tGetHandleVerifier [0x0x7ff66a12e298+10616]\n\tBaseThreadInitThunk [0x0x7ff976d1e8d7+23]\n\tRtlUserThreadStart [0x0x7ff977f3c34c+44]\n\n","statusTrace":"  File \"C:\\Users\\surek\\AppData\\Local\\Programs\\Python\\Python313\\Lib\\site-packages\\behave\\model.py\", line 1329, in run\n    match.run(runner.context)\n    ~~~~~~~~~^^^^^^^^^^^^^^^^\n  File \"C:\\Users\\surek\\AppData\\Local\\Programs\\Python\\Python313\\Lib\\site-packages\\behave\\matchers.py\", line 98, in run\n    self.func(context, *args, **kwargs)\n    ~~~~~~~~~^^^^^^^^^^^^^^^^^^^^^^^^^^\n  File \"features\\steps\\login_steps.py\", line 60, in step_dashboard\n    WebDriverWait(context.driver, 10).until(\n    ~~~~~~~~~~~~~~~~~~~~~~~~~~~~~~~~~~~~~~~^\n        EC.presence_of_element_located((By.XPATH, \"//p[@class='header-name']\"))\n        ^^^^^^^^^^^^^^^^^^^^^^^^^^^^^^^^^^^^^^^^^^^^^^^^^^^^^^^^^^^^^^^^^^^^^^^\n    ) # Check for an element that indicates successful login\n    ^\n  File \"C:\\Users\\surek\\AppData\\Local\\Programs\\Python\\Python313\\Lib\\site-packages\\selenium\\webdriver\\support\\wait.py\", line 146, in until\n    raise TimeoutException(message, screen, stacktrace)\n","flaky":false,"newFailed":false,"newBroken":false,"newPassed":false,"retriesCount":0,"retriesStatusChange":false,"beforeStages":[],"testStage":{"status":"broken","statusMessage":"selenium.common.exceptions.TimeoutException: Message: \nStacktrace:\n\tGetHandleVerifier [0x0x7ff66a13e935+77845]\n\tGetHandleVerifier [0x0x7ff66a13e990+77936]\n\t(No symbol) [0x0x7ff669ef9cda]\n\t(No symbol) [0x0x7ff669f506aa]\n\t(No symbol) [0x0x7ff669f5095c]\n\t(No symbol) [0x0x7ff669fa3d07]\n\t(No symbol) [0x0x7ff669f7890f]\n\t(No symbol) [0x0x7ff669fa0b07]\n\t(No symbol) [0x0x7ff669f786a3]\n\t(No symbol) [0x0x7ff669f41791]\n\t(No symbol) [0x0x7ff669f42523]\n\tGetHandleVerifier [0x0x7ff66a41684d+3059501]\n\tGetHandleVerifier [0x0x7ff66a410c0d+3035885]\n\tGetHandleVerifier [0x0x7ff66a430400+3164896]\n\tGetHandleVerifier [0x0x7ff66a158c3e+185118]\n\tGetHandleVerifier [0x0x7ff66a16054f+216111]\n\tGetHandleVerifier [0x0x7ff66a1472e4+113092]\n\tGetHandleVerifier [0x0x7ff66a147499+113529]\n\tGetHandleVerifier [0x0x7ff66a12e298+10616]\n\tBaseThreadInitThunk [0x0x7ff976d1e8d7+23]\n\tRtlUserThreadStart [0x0x7ff977f3c34c+44]\n\n","statusTrace":"  File \"C:\\Users\\surek\\AppData\\Local\\Programs\\Python\\Python313\\Lib\\site-packages\\behave\\model.py\", line 1329, in run\n    match.run(runner.context)\n    ~~~~~~~~~^^^^^^^^^^^^^^^^\n  File \"C:\\Users\\surek\\AppData\\Local\\Programs\\Python\\Python313\\Lib\\site-packages\\behave\\matchers.py\", line 98, in run\n    self.func(context, *args, **kwargs)\n    ~~~~~~~~~^^^^^^^^^^^^^^^^^^^^^^^^^^\n  File \"features\\steps\\login_steps.py\", line 60, in step_dashboard\n    WebDriverWait(context.driver, 10).until(\n    ~~~~~~~~~~~~~~~~~~~~~~~~~~~~~~~~~~~~~~~^\n        EC.presence_of_element_located((By.XPATH, \"//p[@class='header-name']\"))\n        ^^^^^^^^^^^^^^^^^^^^^^^^^^^^^^^^^^^^^^^^^^^^^^^^^^^^^^^^^^^^^^^^^^^^^^^\n    ) # Check for an element that indicates successful login\n    ^\n  File \"C:\\Users\\surek\\AppData\\Local\\Programs\\Python\\Python313\\Lib\\site-packages\\selenium\\webdriver\\support\\wait.py\", line 146, in until\n    raise TimeoutException(message, screen, stacktrace)\n","steps":[{"name":"Given I open the login page","time":{"start":1753527053451,"stop":1753527054779,"duration":1328},"status":"passed","steps":[],"attachments":[],"parameters":[],"hasContent":false,"attachmentsCount":0,"attachmentStep":false,"shouldDisplayMessage":false,"stepsCount":0},{"name":"When I enter valid credentials","time":{"start":1753527054779,"stop":1753527055620,"duration":841},"status":"passed","steps":[],"attachments":[],"parameters":[],"hasContent":false,"attachmentsCount":0,"attachmentStep":false,"shouldDisplayMessage":false,"stepsCount":0},{"name":"And I click the login button","time":{"start":1753527055620,"stop":1753527058793,"duration":3173},"status":"passed","steps":[],"attachments":[],"parameters":[],"hasContent":false,"attachmentsCount":0,"attachmentStep":false,"shouldDisplayMessage":false,"stepsCount":0},{"name":"Then I should be redirected to the dashboard","time":{"start":1753527058793,"stop":1753527068860,"duration":10067},"status":"broken","statusMessage":"selenium.common.exceptions.TimeoutException: Message: \nStacktrace:\n\tGetHandleVerifier [0x0x7ff66a13e935+77845]\n\tGetHandleVerifier [0x0x7ff66a13e990+77936]\n\t(No symbol) [0x0x7ff669ef9cda]\n\t(No symbol) [0x0x7ff669f506aa]\n\t(No symbol) [0x0x7ff669f5095c]\n\t(No symbol) [0x0x7ff669fa3d07]\n\t(No symbol) [0x0x7ff669f7890f]\n\t(No symbol) [0x0x7ff669fa0b07]\n\t(No symbol) [0x0x7ff669f786a3]\n\t(No symbol) [0x0x7ff669f41791]\n\t(No symbol) [0x0x7ff669f42523]\n\tGetHandleVerifier [0x0x7ff66a41684d+3059501]\n\tGetHandleVerifier [0x0x7ff66a410c0d+3035885]\n\tGetHandleVerifier [0x0x7ff66a430400+3164896]\n\tGetHandleVerifier [0x0x7ff66a158c3e+185118]\n\tGetHandleVerifier [0x0x7ff66a16054f+216111]\n\tGetHandleVerifier [0x0x7ff66a1472e4+113092]\n\tGetHandleVerifier [0x0x7ff66a147499+113529]\n\tGetHandleVerifier [0x0x7ff66a12e298+10616]\n\tBaseThreadInitThunk [0x0x7ff976d1e8d7+23]\n\tRtlUserThreadStart [0x0x7ff977f3c34c+44]\n\n","statusTrace":"  File \"C:\\Users\\surek\\AppData\\Local\\Programs\\Python\\Python313\\Lib\\site-packages\\behave\\model.py\", line 1329, in run\n    match.run(runner.context)\n    ~~~~~~~~~^^^^^^^^^^^^^^^^\n  File \"C:\\Users\\surek\\AppData\\Local\\Programs\\Python\\Python313\\Lib\\site-packages\\behave\\matchers.py\", line 98, in run\n    self.func(context, *args, **kwargs)\n    ~~~~~~~~~^^^^^^^^^^^^^^^^^^^^^^^^^^\n  File \"features\\steps\\login_steps.py\", line 60, in step_dashboard\n    WebDriverWait(context.driver, 10).until(\n    ~~~~~~~~~~~~~~~~~~~~~~~~~~~~~~~~~~~~~~~^\n        EC.presence_of_element_located((By.XPATH, \"//p[@class='header-name']\"))\n        ^^^^^^^^^^^^^^^^^^^^^^^^^^^^^^^^^^^^^^^^^^^^^^^^^^^^^^^^^^^^^^^^^^^^^^^\n    ) # Check for an element that indicates successful login\n    ^\n  File \"C:\\Users\\surek\\AppData\\Local\\Programs\\Python\\Python313\\Lib\\site-packages\\selenium\\webdriver\\support\\wait.py\", line 146, in until\n    raise TimeoutException(message, screen, stacktrace)\n","steps":[],"attachments":[],"parameters":[],"hasContent":true,"attachmentsCount":0,"attachmentStep":false,"shouldDisplayMessage":true,"stepsCount":0}],"attachments":[],"parameters":[],"hasContent":true,"attachmentsCount":0,"attachmentStep":false,"shouldDisplayMessage":false,"stepsCount":4},"afterStages":[],"labels":[{"name":"severity","value":"normal"},{"name":"feature","value":"Login functionality for GuviZenClass portal"},{"name":"framework","value":"behave"},{"name":"language","value":"cpython3"},{"name":"resultFormat","value":"allure2"}],"parameters":[],"links":[],"hidden":true,"retry":true,"extra":{"categories":[],"tags":[]},"source":"887e8b5cd3fc15e2.json","parameterValues":[]}