{"uid":"92564fd577de36c9","name":"Unsuccessful Login","fullName":"Login functionality for GuviZenClass portal: Unsuccessful Login","historyId":"07c7955c108e91d7b183d93221352f2c","time":{"start":1753509583422,"stop":1753509604640,"duration":21218},"status":"broken","statusMessage":"selenium.common.exceptions.TimeoutException: Message: \nStacktrace:\n\tGetHandleVerifier [0x0x7ff66a13e935+77845]\n\tGetHandleVerifier [0x0x7ff66a13e990+77936]\n\t(No symbol) [0x0x7ff669ef9cda]\n\t(No symbol) [0x0x7ff669f506aa]\n\t(No symbol) [0x0x7ff669f5095c]\n\t(No symbol) [0x0x7ff669fa3d07]\n\t(No symbol) [0x0x7ff669f7890f]\n\t(No symbol) [0x0x7ff669fa0b07]\n\t(No symbol) [0x0x7ff669f786a3]\n\t(No symbol) [0x0x7ff669f41791]\n\t(No symbol) [0x0x7ff669f42523]\n\tGetHandleVerifier [0x0x7ff66a41684d+3059501]\n\tGetHandleVerifier [0x0x7ff66a410c0d+3035885]\n\tGetHandleVerifier [0x0x7ff66a430400+3164896]\n\tGetHandleVerifier [0x0x7ff66a158c3e+185118]\n\tGetHandleVerifier [0x0x7ff66a16054f+216111]\n\tGetHandleVerifier [0x0x7ff66a1472e4+113092]\n\tGetHandleVerifier [0x0x7ff66a147499+113529]\n\tGetHandleVerifier [0x0x7ff66a12e298+10616]\n\tBaseThreadInitThunk [0x0x7ff976d1e8d7+23]\n\tRtlUserThreadStart [0x0x7ff977f3c34c+44]\n\n","statusTrace":"  File \"C:\\Users\\surek\\AppData\\Local\\Programs\\Python\\Python313\\Lib\\site-packages\\behave\\model.py\", line 1329, in run\n    match.run(runner.context)\n    ~~~~~~~~~^^^^^^^^^^^^^^^^\n  File \"C:\\Users\\surek\\AppData\\Local\\Programs\\Python\\Python313\\Lib\\site-packages\\behave\\matchers.py\", line 98, in run\n    self.func(context, *args, **kwargs)\n    ~~~~~~~~~^^^^^^^^^^^^^^^^^^^^^^^^^^\n  File \"features\\steps\\login_steps.py\", line 53, in step_error_message\n    raise e\n  File \"features\\steps\\login_steps.py\", line 47, in step_error_message\n    error = WebDriverWait(context.driver, 5).until(\n        EC.visibility_of_element_located((By.XPATH, \"//div[contains(text(), 'Invalid')]\"))\n    )\n  File \"C:\\Users\\surek\\AppData\\Local\\Programs\\Python\\Python313\\Lib\\site-packages\\selenium\\webdriver\\support\\wait.py\", line 146, in until\n    raise TimeoutException(message, screen, stacktrace)\n","flaky":false,"newFailed":false,"newBroken":false,"newPassed":false,"retriesCount":0,"retriesStatusChange":false,"beforeStages":[],"testStage":{"status":"broken","statusMessage":"selenium.common.exceptions.TimeoutException: Message: \nStacktrace:\n\tGetHandleVerifier [0x0x7ff66a13e935+77845]\n\tGetHandleVerifier [0x0x7ff66a13e990+77936]\n\t(No symbol) [0x0x7ff669ef9cda]\n\t(No symbol) [0x0x7ff669f506aa]\n\t(No symbol) [0x0x7ff669f5095c]\n\t(No symbol) [0x0x7ff669fa3d07]\n\t(No symbol) [0x0x7ff669f7890f]\n\t(No symbol) [0x0x7ff669fa0b07]\n\t(No symbol) [0x0x7ff669f786a3]\n\t(No symbol) [0x0x7ff669f41791]\n\t(No symbol) [0x0x7ff669f42523]\n\tGetHandleVerifier [0x0x7ff66a41684d+3059501]\n\tGetHandleVerifier [0x0x7ff66a410c0d+3035885]\n\tGetHandleVerifier [0x0x7ff66a430400+3164896]\n\tGetHandleVerifier [0x0x7ff66a158c3e+185118]\n\tGetHandleVerifier [0x0x7ff66a16054f+216111]\n\tGetHandleVerifier [0x0x7ff66a1472e4+113092]\n\tGetHandleVerifier [0x0x7ff66a147499+113529]\n\tGetHandleVerifier [0x0x7ff66a12e298+10616]\n\tBaseThreadInitThunk [0x0x7ff976d1e8d7+23]\n\tRtlUserThreadStart [0x0x7ff977f3c34c+44]\n\n","statusTrace":"  File \"C:\\Users\\surek\\AppData\\Local\\Programs\\Python\\Python313\\Lib\\site-packages\\behave\\model.py\", line 1329, in run\n    match.run(runner.context)\n    ~~~~~~~~~^^^^^^^^^^^^^^^^\n  File \"C:\\Users\\surek\\AppData\\Local\\Programs\\Python\\Python313\\Lib\\site-packages\\behave\\matchers.py\", line 98, in run\n    self.func(context, *args, **kwargs)\n    ~~~~~~~~~^^^^^^^^^^^^^^^^^^^^^^^^^^\n  File \"features\\steps\\login_steps.py\", line 53, in step_error_message\n    raise e\n  File \"features\\steps\\login_steps.py\", line 47, in step_error_message\n    error = WebDriverWait(context.driver, 5).until(\n        EC.visibility_of_element_located((By.XPATH, \"//div[contains(text(), 'Invalid')]\"))\n    )\n  File \"C:\\Users\\surek\\AppData\\Local\\Programs\\Python\\Python313\\Lib\\site-packages\\selenium\\webdriver\\support\\wait.py\", line 146, in until\n    raise TimeoutException(message, screen, stacktrace)\n","steps":[{"name":"Given I open the login page","time":{"start":1753509586876,"stop":1753509588854,"duration":1978},"status":"passed","steps":[],"attachments":[],"parameters":[],"hasContent":false,"attachmentsCount":0,"attachmentStep":false,"shouldDisplayMessage":false,"stepsCount":0},{"name":"When I enter invalid credentials","time":{"start":1753509588855,"stop":1753509589213,"duration":358},"status":"passed","steps":[],"attachments":[],"parameters":[],"hasContent":false,"attachmentsCount":0,"attachmentStep":false,"shouldDisplayMessage":false,"stepsCount":0},{"name":"And I click the login button","time":{"start":1753509589213,"stop":1753509592348,"duration":3135},"status":"passed","steps":[],"attachments":[],"parameters":[],"hasContent":false,"attachmentsCount":0,"attachmentStep":false,"shouldDisplayMessage":false,"stepsCount":0},{"name":"Then I should see an error message","time":{"start":1753509592348,"stop":1753509602379,"duration":10031},"status":"broken","statusMessage":"selenium.common.exceptions.TimeoutException: Message: \nStacktrace:\n\tGetHandleVerifier [0x0x7ff66a13e935+77845]\n\tGetHandleVerifier [0x0x7ff66a13e990+77936]\n\t(No symbol) [0x0x7ff669ef9cda]\n\t(No symbol) [0x0x7ff669f506aa]\n\t(No symbol) [0x0x7ff669f5095c]\n\t(No symbol) [0x0x7ff669fa3d07]\n\t(No symbol) [0x0x7ff669f7890f]\n\t(No symbol) [0x0x7ff669fa0b07]\n\t(No symbol) [0x0x7ff669f786a3]\n\t(No symbol) [0x0x7ff669f41791]\n\t(No symbol) [0x0x7ff669f42523]\n\tGetHandleVerifier [0x0x7ff66a41684d+3059501]\n\tGetHandleVerifier [0x0x7ff66a410c0d+3035885]\n\tGetHandleVerifier [0x0x7ff66a430400+3164896]\n\tGetHandleVerifier [0x0x7ff66a158c3e+185118]\n\tGetHandleVerifier [0x0x7ff66a16054f+216111]\n\tGetHandleVerifier [0x0x7ff66a1472e4+113092]\n\tGetHandleVerifier [0x0x7ff66a147499+113529]\n\tGetHandleVerifier [0x0x7ff66a12e298+10616]\n\tBaseThreadInitThunk [0x0x7ff976d1e8d7+23]\n\tRtlUserThreadStart [0x0x7ff977f3c34c+44]\n\n","statusTrace":"  File \"C:\\Users\\surek\\AppData\\Local\\Programs\\Python\\Python313\\Lib\\site-packages\\behave\\model.py\", line 1329, in run\n    match.run(runner.context)\n    ~~~~~~~~~^^^^^^^^^^^^^^^^\n  File \"C:\\Users\\surek\\AppData\\Local\\Programs\\Python\\Python313\\Lib\\site-packages\\behave\\matchers.py\", line 98, in run\n    self.func(context, *args, **kwargs)\n    ~~~~~~~~~^^^^^^^^^^^^^^^^^^^^^^^^^^\n  File \"features\\steps\\login_steps.py\", line 53, in step_error_message\n    raise e\n  File \"features\\steps\\login_steps.py\", line 47, in step_error_message\n    error = WebDriverWait(context.driver, 5).until(\n        EC.visibility_of_element_located((By.XPATH, \"//div[contains(text(), 'Invalid')]\"))\n    )\n  File \"C:\\Users\\surek\\AppData\\Local\\Programs\\Python\\Python313\\Lib\\site-packages\\selenium\\webdriver\\support\\wait.py\", line 146, in until\n    raise TimeoutException(message, screen, stacktrace)\n","steps":[],"attachments":[],"parameters":[],"hasContent":true,"attachmentsCount":0,"attachmentStep":false,"shouldDisplayMessage":true,"stepsCount":0}],"attachments":[],"parameters":[],"hasContent":true,"attachmentsCount":0,"attachmentStep":false,"shouldDisplayMessage":false,"stepsCount":4},"afterStages":[],"labels":[{"name":"severity","value":"normal"},{"name":"feature","value":"Login functionality for GuviZenClass portal"},{"name":"framework","value":"behave"},{"name":"language","value":"cpython3"},{"name":"resultFormat","value":"allure2"}],"parameters":[],"links":[],"hidden":true,"retry":true,"extra":{"categories":[],"tags":[]},"source":"92564fd577de36c9.json","parameterValues":[]}